# BEAST v1.10.4 Prerelease #bc6cbd9
# Generated Tue Nov 03 16:56:31 CET 2020 [seed=1604418990202]
# TreeTime_26102020.xml
state	location.rates.NY.other	location.rates.other.NY	location.indicators.NY.other	location.indicators.other.NY	location.nonZeroRates
0	1.0	1.0	1.0	1.0	2.0
1000	5.094765630976996	1.4198614852051956	1.0	1.0	2.0
2000	1.0941266836581156	0.29601507544929573	1.0	1.0	2.0
3000	1.195979665983867	0.30538477250855806	1.0	1.0	2.0
4000	3.2502651087757584	0.7915742697146069	1.0	1.0	2.0
5000	0.9780921154153928	0.2702905406962049	1.0	1.0	2.0
6000	1.2764924683597725	0.27222901702571745	1.0	1.0	2.0
7000	1.0269478893037842	0.2446157030520733	1.0	1.0	2.0
8000	0.29857424417633993	0.07845903188084738	1.0	1.0	2.0
9000	2.893406878939259	0.7487971280153574	1.0	1.0	2.0
10000	3.35315294149638	0.819674706246767	1.0	1.0	2.0
11000	3.7896405891827705	1.0772526266250275	1.0	1.0	2.0
12000	1.6065014401067994	0.43906338907447984	1.0	1.0	2.0
13000	0.682622362728144	0.20185278592047395	1.0	1.0	2.0
14000	2.510486326991019	0.5922955824623213	1.0	1.0	2.0
15000	0.10141041683631895	0.025567677493161124	1.0	1.0	2.0
16000	1.050797413612371	0.23025400970402551	1.0	1.0	2.0
17000	2.147058831807701	0.6005689804235961	1.0	1.0	2.0
18000	0.6560528683839999	0.1727564805407042	1.0	1.0	2.0
19000	0.43949498136679105	0.11980456333535709	1.0	1.0	2.0
20000	1.3126336210329068	0.35755012482445064	1.0	1.0	2.0
21000	1.6419133051126988	0.462517009051411	1.0	1.0	2.0
22000	3.131686108012021	0.8978396079160226	1.0	1.0	2.0
23000	2.7675511820924035	0.8890240617120888	1.0	1.0	2.0
24000	1.2539382959378524	0.2891590510031057	1.0	1.0	2.0
25000	0.6525635625892532	0.15814812278746238	1.0	1.0	2.0
26000	3.157040980799807	0.8025292075197115	1.0	1.0	2.0
27000	0.888547130847358	0.25130208997631226	1.0	1.0	2.0
28000	1.2137883019207236	0.3372312965655913	1.0	1.0	2.0
29000	0.05483816330938312	0.015425072866449745	1.0	1.0	2.0
30000	0.7283040943671272	0.22672112188611834	1.0	1.0	2.0
31000	2.077501728291863	0.6282830527444471	1.0	1.0	2.0
32000	1.773946002510254	0.5111991921147201	1.0	1.0	2.0
33000	0.7702043733644992	0.19811182522007298	1.0	1.0	2.0
34000	0.4525831661765403	0.1262238027116952	1.0	1.0	2.0
35000	0.8278492213501103	0.18401659931247275	1.0	1.0	2.0
36000	0.9774068090904968	0.2611985516588773	1.0	1.0	2.0
37000	2.266390644830873	0.6701624431212648	1.0	1.0	2.0
38000	2.4818927545111165	0.6344008892460066	1.0	1.0	2.0
39000	1.5426747797888574	0.38838609894892223	1.0	1.0	2.0
40000	1.4060073032950895	0.4467485478432362	1.0	1.0	2.0
41000	0.31994353503581713	0.06813088332214574	1.0	1.0	2.0
42000	1.1091469512902208	0.2640200796998385	1.0	1.0	2.0
43000	0.4958269478928904	0.13498295336471103	1.0	1.0	2.0
44000	0.5208017739477124	0.12788025353280327	1.0	1.0	2.0
45000	1.9087968105329574	0.45898648061551917	1.0	1.0	2.0
46000	4.867037558167945	1.222815403849011	1.0	1.0	2.0
47000	0.337128962020315	0.09873744325239847	1.0	1.0	2.0
48000	1.803801317350729	0.444513216652357	1.0	1.0	2.0
49000	2.570984751486363	0.6728615133197532	1.0	1.0	2.0
50000	1.3094523131431774	0.3313427211712683	1.0	1.0	2.0
51000	3.139192653801639	0.8897852754328235	1.0	1.0	2.0
52000	0.6648696227410046	0.16201083982775322	1.0	1.0	2.0
53000	1.7901879520136261	0.43521870465107276	1.0	1.0	2.0
54000	2.8261566698749854	0.9448502620970572	1.0	1.0	2.0
55000	2.0398204433770415	0.4501387651015168	1.0	1.0	2.0
56000	1.6844766195098162	0.452010342140982	1.0	1.0	2.0
57000	1.254010660422643	0.2678424128471011	1.0	1.0	2.0
58000	0.3197863977315105	0.08087480959769462	1.0	1.0	2.0
59000	1.9628043217220257	0.5478691765453233	1.0	1.0	2.0
60000	2.269321261075946	0.5892579245836125	1.0	1.0	2.0
61000	1.3615791254992207	0.3121520364376433	1.0	1.0	2.0
62000	0.5738837472063214	0.13759744797998097	1.0	1.0	2.0
63000	2.3888624860919645	0.7586656753621652	1.0	1.0	2.0
64000	2.567510913455033	0.6537350931465231	1.0	1.0	2.0
65000	0.7074778216902289	0.17317563383110857	1.0	1.0	2.0
66000	0.4347859876980865	0.10382953895460115	1.0	1.0	2.0
67000	0.5242760736892341	0.14100742850924672	1.0	1.0	2.0
68000	2.6176837954087224	0.6638812556414347	1.0	1.0	2.0
69000	1.3504934207796495	0.34334858994892103	1.0	1.0	2.0
70000	0.9722272477555199	0.2507411252036565	1.0	1.0	2.0
71000	0.34392127222714025	0.07311335798852275	1.0	1.0	2.0
72000	1.4128279036377986	0.3479446383259244	1.0	1.0	2.0
73000	0.7399719935198062	0.20253059579877594	1.0	1.0	2.0
74000	0.41707345021123293	0.1003798654412977	1.0	1.0	2.0
75000	1.33535130058492	0.38401873154044786	1.0	1.0	2.0
76000	2.262613050168827	0.6412973251307086	1.0	1.0	2.0
77000	1.3374866280349897	0.35478439267046996	1.0	1.0	2.0
78000	0.8275441777791556	0.20779084797167136	1.0	1.0	2.0
79000	0.725018563616078	0.2062663281805837	1.0	1.0	2.0
80000	3.3579711116436215	1.090072627268277	1.0	1.0	2.0
81000	3.156535406597145	0.769761538215483	1.0	1.0	2.0
82000	1.4810696214893317	0.37894458136535886	1.0	1.0	2.0
83000	0.5716451961790066	0.13331682621666094	1.0	1.0	2.0
84000	1.0374813982239997	0.2414221276570577	1.0	1.0	2.0
85000	2.4766483355805797	0.5499014145002805	1.0	1.0	2.0
86000	1.4586550262585851	0.4095931360898161	1.0	1.0	2.0
87000	2.3313282140902003	0.6524932340745419	1.0	1.0	2.0
88000	0.8088078781681739	0.21974432040885408	1.0	1.0	2.0
89000	0.6103932609658318	0.19259168316198721	1.0	1.0	2.0
90000	1.1619298591911102	0.2769653285708254	1.0	1.0	2.0
91000	1.2142598764398096	0.4284102188171293	1.0	1.0	2.0
92000	2.88793226127149	0.8679876333528386	1.0	1.0	2.0
93000	0.8671524629254325	0.2851396896879245	1.0	1.0	2.0
94000	0.46404006034055784	0.1039695156379914	1.0	1.0	2.0
95000	2.119027485490553	0.5073085562238407	1.0	1.0	2.0
96000	1.6835560443472297	0.42946846081277934	1.0	1.0	2.0
97000	2.068696672262264	0.5177895973994986	1.0	1.0	2.0
98000	0.7078741009622594	0.18282801242492794	1.0	1.0	2.0
99000	1.5418990018178063	0.42350339065976883	1.0	1.0	2.0
100000	1.8130739837271843	0.4033910660109683	1.0	1.0	2.0
101000	1.4384817913926287	0.33058881932146145	1.0	1.0	2.0
102000	1.49558815330239	0.38745562665273275	1.0	1.0	2.0
103000	1.778705580260483	0.48168085910081837	1.0	1.0	2.0
104000	2.158214597601125	0.5157847026698074	1.0	1.0	2.0
105000	0.5183583804576909	0.1680616566493817	1.0	1.0	2.0
106000	2.3996008839869867	0.501467496625771	1.0	1.0	2.0
107000	2.303806848780187	0.5658473897928095	1.0	1.0	2.0
108000	1.4259926366935676	0.37975839889205776	1.0	1.0	2.0
109000	0.6308172229836738	0.15029141300781684	1.0	1.0	2.0
110000	1.1294577103115746	0.24321096137354262	1.0	1.0	2.0
111000	2.5336822537911945	0.7647419332430542	1.0	1.0	2.0
112000	2.232607453096496	0.5453544696173809	1.0	1.0	2.0
113000	1.6114383455045362	0.513535787623035	1.0	1.0	2.0
114000	1.44577857789367	0.3753126957441141	1.0	1.0	2.0
115000	1.5875095555740455	0.42115839003636285	1.0	1.0	2.0
116000	0.22173023232861094	0.05056111922897017	1.0	1.0	2.0
117000	0.7183661009009654	0.1908747088865824	1.0	1.0	2.0
118000	0.8971693529661775	0.2390285881962143	1.0	1.0	2.0
119000	1.4314497144602798	0.42484398086102587	1.0	1.0	2.0
120000	2.6303414916722985	0.6106149906499594	1.0	1.0	2.0
121000	1.8364439880788268	0.4040955997410922	1.0	1.0	2.0
122000	1.3594279254768615	0.3705882767769622	1.0	1.0	2.0
123000	0.7960786947891998	0.230704321213704	1.0	1.0	2.0
124000	0.1393923760073466	0.0327024854830085	1.0	1.0	2.0
125000	1.4198680809254691	0.3759718253592376	1.0	1.0	2.0
126000	0.353021758133227	0.09060034709053952	1.0	1.0	2.0
127000	0.4973685875227528	0.1459346331085934	1.0	1.0	2.0
128000	2.240461663327306	0.6257553099505365	1.0	1.0	2.0
129000	0.7825684586080058	0.2115235316193021	1.0	1.0	2.0
130000	0.9511160531969283	0.29279660874508856	1.0	1.0	2.0
131000	0.9378295139573019	0.2826490163776798	1.0	1.0	2.0
132000	3.3281863654081625	0.9677851044136864	1.0	1.0	2.0
133000	0.7500244512667996	0.17326265903883598	1.0	1.0	2.0
134000	0.8294375169050056	0.2282052546163103	1.0	1.0	2.0
135000	2.619087133005116	0.6644565722403375	1.0	1.0	2.0
136000	2.1518727458158904	0.6447180735800718	1.0	1.0	2.0
137000	2.491880286223801	0.5591581466502098	1.0	1.0	2.0
138000	0.7365887652011197	0.2002403274243092	1.0	1.0	2.0
139000	0.39000114223316484	0.10419551338989413	1.0	1.0	2.0
140000	4.949309058225158	1.3590867979693062	1.0	1.0	2.0
141000	1.3398483650739705	0.3092812040430615	1.0	1.0	2.0
142000	0.6119917047351621	0.19927307241381667	1.0	1.0	2.0
143000	2.5332631428365957	0.5507208593841216	1.0	1.0	2.0
144000	1.809185325812548	0.4369532862707529	1.0	1.0	2.0
145000	1.5715095070592437	0.33332630322708756	1.0	1.0	2.0
146000	0.5803925468157622	0.1635947144812242	1.0	1.0	2.0
147000	2.272910523246212	0.683479837318668	1.0	1.0	2.0
148000	0.6195454956132153	0.14237085694680807	1.0	1.0	2.0
149000	1.4662682119921449	0.29961360090550876	1.0	1.0	2.0
150000	0.8423851919155029	0.19527863207475943	1.0	1.0	2.0
151000	3.3106851373934054	0.8812769254680121	1.0	1.0	2.0
152000	1.1309996270191363	0.2765354017062944	1.0	1.0	2.0
153000	0.7968186797617033	0.24460366562209246	1.0	1.0	2.0
154000	3.4614807023205376	0.8445559319722089	1.0	1.0	2.0
155000	1.1312496439606208	0.35508000134708295	1.0	1.0	2.0
156000	0.2532309019228923	0.06324558198429044	1.0	1.0	2.0
157000	0.1841424487227353	0.053669514225326224	1.0	1.0	2.0
158000	2.9428807241436954	0.8100013304331208	1.0	1.0	2.0
159000	1.884614014080927	0.4721461701019692	1.0	1.0	2.0
160000	2.0566980083735267	0.6730665413446426	1.0	1.0	2.0
161000	3.6836139078033434	0.8826701061994593	1.0	1.0	2.0
162000	0.6412828524425722	0.18834541599409538	1.0	1.0	2.0
163000	1.1748409556213883	0.30574203467187283	1.0	1.0	2.0
164000	0.24934645529789423	0.07088867817135934	1.0	1.0	2.0
165000	3.3056725246868646	0.8415919557764907	1.0	1.0	2.0
166000	3.0345698776449552	0.7094728826506818	1.0	1.0	2.0
167000	5.749085900562764	1.3586141304391757	1.0	1.0	2.0
168000	0.7732672121579925	0.18457193545086578	1.0	1.0	2.0
169000	1.7775040157494817	0.470575759824631	1.0	1.0	2.0
170000	1.6773164323468341	0.39531658276513715	1.0	1.0	2.0
171000	0.561606643462648	0.16069674450401827	1.0	1.0	2.0
172000	4.091294395471515	1.0859838488142455	1.0	1.0	2.0
173000	2.717501201911226	0.586928233369437	1.0	1.0	2.0
174000	2.2348142354803793	0.9420320143431852	1.0	1.0	2.0
175000	1.0794752419424758	0.3233465317858825	1.0	1.0	2.0
176000	2.0704175686956763	0.5285717927128176	1.0	1.0	2.0
177000	3.2157762207678187	0.88669094627621	1.0	1.0	2.0
178000	1.4654714681839514	0.3852797153546418	1.0	1.0	2.0
179000	3.7950528337200136	0.9411015409593361	1.0	1.0	2.0
180000	3.3412512712013354	0.9691920507115835	1.0	1.0	2.0
181000	2.7527924161454087	0.740302125332166	1.0	1.0	2.0
182000	0.44064166577278036	0.11158965858258867	1.0	1.0	2.0
183000	1.160250613532604	0.27237665345152706	1.0	1.0	2.0
184000	0.5960606121370157	0.18894817129829794	1.0	1.0	2.0
185000	0.7389255078869971	0.18933612094139524	1.0	1.0	2.0
186000	2.0271860728229982	0.5176701529692469	1.0	1.0	2.0
187000	3.288815452140306	0.6761741003819924	1.0	1.0	2.0
188000	0.3743390341882473	0.1094108459421062	1.0	1.0	2.0
189000	1.8982890456264645	0.510035806769066	1.0	1.0	2.0
190000	1.0032960937923128	0.32065086590538966	1.0	1.0	2.0
191000	2.6565277190675034	0.5901699032751624	1.0	1.0	2.0
192000	1.9167727276448872	0.47217007293131474	1.0	1.0	2.0
193000	1.5069161090405394	0.3378406974041429	1.0	1.0	2.0
194000	0.4713096073801823	0.1539772587619146	1.0	1.0	2.0
195000	1.1150449061665504	0.2982151590679123	1.0	1.0	2.0
196000	3.2015629794475955	0.8605358626518964	1.0	1.0	2.0
197000	1.0513545971078666	0.27216148247950606	1.0	1.0	2.0
198000	1.2289049710466915	0.3703079449332216	1.0	1.0	2.0
199000	4.370631168415005	0.9685210657628972	1.0	1.0	2.0
200000	1.7289902552860323	0.4487333731174153	1.0	1.0	2.0
201000	1.4396642424518575	0.33691301542664304	1.0	1.0	2.0
202000	0.4021252939669497	0.09441213465589786	1.0	1.0	2.0
203000	2.6740676358094704	0.7441565470127558	1.0	1.0	2.0
204000	1.6296591688224404	0.3667562916168387	1.0	1.0	2.0
205000	0.5633630645888256	0.14675005390553628	1.0	1.0	2.0
206000	1.0587877003156725	0.28376507760481806	1.0	1.0	2.0
207000	0.9959354502723439	0.3578447663790486	1.0	1.0	2.0
208000	1.1313073781103116	0.28847332440501783	1.0	1.0	2.0
209000	1.4475381215134264	0.38540924874267996	1.0	1.0	2.0
210000	0.6446320673087789	0.15922566188796322	1.0	1.0	2.0
211000	3.508250535460911	0.6849140255374704	1.0	1.0	2.0
212000	2.0738088851418306	0.4909960134359666	1.0	1.0	2.0
213000	0.8008663288237542	0.181724815145715	1.0	1.0	2.0
214000	1.2903729521019367	0.38628069193176345	1.0	1.0	2.0
215000	3.207460876140117	0.8093276688269686	1.0	1.0	2.0
216000	2.192435557245436	0.5131805001567539	1.0	1.0	2.0
217000	0.296125374318169	0.08184234208716647	1.0	1.0	2.0
218000	1.0971451381711848	0.30385792788029936	1.0	1.0	2.0
219000	2.3922101258741866	0.5852853099462885	1.0	1.0	2.0
220000	1.0411335104776165	0.2467859691249503	1.0	1.0	2.0
221000	1.3651132218281847	0.29790282209048385	1.0	1.0	2.0
222000	1.8747343920169992	0.41492254192290334	1.0	1.0	2.0
223000	0.9617732106308793	0.22461036204153056	1.0	1.0	2.0
224000	0.7569955273814386	0.22898731838791594	1.0	1.0	2.0
225000	3.6422105503572917	0.8240172175460222	1.0	1.0	2.0
226000	1.1812784391828404	0.295002497122104	1.0	1.0	2.0
227000	0.18989808464283586	0.04871661585203151	1.0	1.0	2.0
228000	1.611011299221825	0.4073048840221655	1.0	1.0	2.0
229000	0.1883858254067006	0.04710696083031043	1.0	1.0	2.0
230000	0.687618164513178	0.14508237554680053	1.0	1.0	2.0
231000	0.9497315158665343	0.19210897325185078	1.0	1.0	2.0
232000	0.15021957186044163	0.03570867272267198	1.0	1.0	2.0
233000	0.9317480244260566	0.20912040615210298	1.0	1.0	2.0
234000	1.7487851101414191	0.39076257158611327	1.0	1.0	2.0
235000	1.9572306216618205	0.49791234903841775	1.0	1.0	2.0
236000	1.1101570102510734	0.261131377054732	1.0	1.0	2.0
237000	1.9036112622499188	0.5785622871844149	1.0	1.0	2.0
238000	2.9459478516505078	0.7166550404061579	1.0	1.0	2.0
239000	2.621142833679863	0.6572278174206724	1.0	1.0	2.0
240000	1.8632877986952396	0.387487754468678	1.0	1.0	2.0
241000	2.806348132776441	0.736183824716122	1.0	1.0	2.0
242000	0.9384699695495311	0.26402423900727895	1.0	1.0	2.0
243000	1.3268969337050476	0.3523929952314439	1.0	1.0	2.0
244000	3.763330561667074	0.936404911231125	1.0	1.0	2.0
245000	2.864170408812925	0.748006086329908	1.0	1.0	2.0
246000	1.1423348560455269	0.3112895462250448	1.0	1.0	2.0
247000	0.8459360404178317	0.2413091412088342	1.0	1.0	2.0
248000	0.6184698977669854	0.1591132314445851	1.0	1.0	2.0
249000	2.738848904077318	0.7605781959634904	1.0	1.0	2.0
250000	1.4808144121930769	0.3150885020333412	1.0	1.0	2.0
251000	1.033605747229216	0.26668435973761145	1.0	1.0	2.0
252000	2.5924017908328367	0.7218688581997	1.0	1.0	2.0
253000	3.337497740697168	0.8835289189544515	1.0	1.0	2.0
254000	0.3025920089599647	0.06747848130491953	1.0	1.0	2.0
255000	1.729928035486605	0.5620148413681615	1.0	1.0	2.0
256000	0.5187274951826215	0.12394120272456197	1.0	1.0	2.0
257000	2.0614178322099748	0.5779653488679418	1.0	1.0	2.0
258000	1.0210913005053697	0.2290259484754708	1.0	1.0	2.0
259000	1.9706069631110086	0.4743815230979995	1.0	1.0	2.0
260000	1.1875591518504909	0.25629219249505963	1.0	1.0	2.0
261000	0.6114440027900151	0.17067001427180864	1.0	1.0	2.0
262000	1.4737544070769188	0.41180138768875735	1.0	1.0	2.0
263000	2.326700119085035	0.5943882736094273	1.0	1.0	2.0
264000	2.1846750479680765	0.5126709959406484	1.0	1.0	2.0
265000	2.2592161029841704	0.619078637240719	1.0	1.0	2.0
266000	1.2847645563569934	0.33684251264658727	1.0	1.0	2.0
267000	0.7414100622964379	0.17893489541801083	1.0	1.0	2.0
268000	3.157428911474099	0.8293675670563638	1.0	1.0	2.0
269000	2.379352948720331	0.6213677074180538	1.0	1.0	2.0
270000	0.21542257088147237	0.058878273415261445	1.0	1.0	2.0
271000	2.6624570385606536	0.7047374177287937	1.0	1.0	2.0
272000	1.8183002180127965	0.44487027308221305	1.0	1.0	2.0
273000	2.36789719544791	0.578449482362121	1.0	1.0	2.0
274000	0.8410023334881231	0.23224234249539763	1.0	1.0	2.0
275000	2.231468554031303	0.48466717610902293	1.0	1.0	2.0
276000	0.2701823320653681	0.06231159434521416	1.0	1.0	2.0
277000	0.8372007434192243	0.2306428797166858	1.0	1.0	2.0
278000	0.9388295326863424	0.21671270739631615	1.0	1.0	2.0
279000	0.5540539814471446	0.15110148883615476	1.0	1.0	2.0
280000	0.5038226011775272	0.1271383124987132	1.0	1.0	2.0
281000	1.155098030838222	0.24556809285962866	1.0	1.0	2.0
282000	2.899400540187793	0.6774519901266228	1.0	1.0	2.0
283000	3.9858163161939335	1.0117329409432567	1.0	1.0	2.0
284000	1.245277565397059	0.349888059168457	1.0	1.0	2.0
285000	1.1874859888107887	0.29968997156791694	1.0	1.0	2.0
286000	0.4201330528718846	0.11120206436763432	1.0	1.0	2.0
287000	5.2626836418065075	1.3781458855087392	1.0	1.0	2.0
288000	1.2969272013657993	0.3688062139905443	1.0	1.0	2.0
289000	1.4775966363894804	0.38920580419284495	1.0	1.0	2.0
290000	2.345388649453528	0.6255550890640148	1.0	1.0	2.0
291000	2.2717461490712494	0.5092767575356901	1.0	1.0	2.0
292000	1.2505112822667033	0.24985437735683652	1.0	1.0	2.0
293000	1.139487902506337	0.3339344918637154	1.0	1.0	2.0
294000	0.3774509307987065	0.0943926730011762	1.0	1.0	2.0
295000	3.2095279338662963	0.7179559260911497	1.0	1.0	2.0
296000	1.414793468792972	0.4258014042742111	1.0	1.0	2.0
297000	2.1314164646368896	0.45938537116558775	1.0	1.0	2.0
298000	0.6304106847382159	0.14528387882978075	1.0	1.0	2.0
299000	2.184191176167031	0.4693761050965041	1.0	1.0	2.0
300000	0.9706392030423715	0.24250098673400314	1.0	1.0	2.0
301000	2.4967040364571114	0.5692594945833065	1.0	1.0	2.0
302000	1.368286899280444	0.3936993640978703	1.0	1.0	2.0
303000	1.551118546467731	0.3531117592222182	1.0	1.0	2.0
304000	2.756538298530415	0.7709391462200998	1.0	1.0	2.0
305000	1.4024767789799435	0.41410665207731595	1.0	1.0	2.0
306000	1.763655496938251	0.44478220296295873	1.0	1.0	2.0
307000	2.754460369538069	0.735956883767786	1.0	1.0	2.0
308000	0.7236270504110166	0.22412815992949287	1.0	1.0	2.0
309000	0.8132214377808907	0.19495128603483133	1.0	1.0	2.0
310000	1.6636260793715079	0.43570601780683266	1.0	1.0	2.0
311000	1.1133459055215187	0.27767842772954765	1.0	1.0	2.0
312000	1.3656317848666826	0.2966540437525678	1.0	1.0	2.0
313000	1.5529713381486785	0.4019111122928893	1.0	1.0	2.0
314000	1.0087252543526943	0.29977273657472114	1.0	1.0	2.0
315000	0.24198038884398979	0.056173034535789625	1.0	1.0	2.0
316000	4.78035550121928	1.1698096709446513	1.0	1.0	2.0
317000	1.873670776605177	0.5749877820609872	1.0	1.0	2.0
318000	1.259312631020141	0.3427308464279334	1.0	1.0	2.0
319000	3.17904578416767	0.8269760828534558	1.0	1.0	2.0
320000	1.8822412007585245	0.4764891351842842	1.0	1.0	2.0
321000	1.5351717007413066	0.4441261987243866	1.0	1.0	2.0
322000	5.0049712607158146	1.500702921895782	1.0	1.0	2.0
323000	2.9734247157906712	0.6440454891751738	1.0	1.0	2.0
324000	2.2720483500051425	0.648320888917709	1.0	1.0	2.0
325000	0.4929598607611118	0.10355361789500138	1.0	1.0	2.0
326000	1.1449614576268456	0.2942884334778194	1.0	1.0	2.0
327000	1.39292155114632	0.3284554939251441	1.0	1.0	2.0
328000	2.0200810146324626	0.5081115621559883	1.0	1.0	2.0
329000	0.9107256537996727	0.23398404423374464	1.0	1.0	2.0
330000	0.7604700615773945	0.24261488470169135	1.0	1.0	2.0
331000	0.9312337253098878	0.23406106234862573	1.0	1.0	2.0
332000	5.52794420819895	1.3385294503356948	1.0	1.0	2.0
333000	1.3708915365415841	0.3520008933613096	1.0	1.0	2.0
334000	1.7338858287074448	0.4138541451016173	1.0	1.0	2.0
335000	1.2819887639869212	0.2662626311551874	1.0	1.0	2.0
336000	3.7563736188653016	0.9832593169814762	1.0	1.0	2.0
337000	0.48950933303070526	0.13624173603469023	1.0	1.0	2.0
338000	0.9896013111055718	0.2849961452261718	1.0	1.0	2.0
339000	1.3777135261548104	0.3927923508740415	1.0	1.0	2.0
340000	0.19190991560413753	0.047382641378501386	1.0	1.0	2.0
341000	0.3500311456680021	0.07636703879776757	1.0	1.0	2.0
342000	1.9149032716224061	0.5415470065799571	1.0	1.0	2.0
343000	0.2426881889985147	0.06442629840989127	1.0	1.0	2.0
344000	1.1941879140060854	0.25479687842134646	1.0	1.0	2.0
345000	0.908678160780831	0.25962041446574946	1.0	1.0	2.0
346000	1.509795614906049	0.36087091000119403	1.0	1.0	2.0
347000	0.7693585265057206	0.24388361251374954	1.0	1.0	2.0
348000	3.11832609226503	0.9334714333557285	1.0	1.0	2.0
349000	0.9537866454499762	0.28251856108317897	1.0	1.0	2.0
350000	0.8655917888298732	0.2282085225906784	1.0	1.0	2.0
351000	1.08016362162092	0.25341035177911553	1.0	1.0	2.0
352000	0.6804215978685626	0.1750841492228519	1.0	1.0	2.0
353000	0.8373252168359746	0.22643304284645827	1.0	1.0	2.0
354000	3.1348061922112977	0.6856557380801808	1.0	1.0	2.0
355000	1.906945758863596	0.5650352156005708	1.0	1.0	2.0
356000	2.6873090768609713	0.7107465623914928	1.0	1.0	2.0
357000	2.218831271484849	0.4510695201772141	1.0	1.0	2.0
358000	0.5120749974877685	0.13347827912549737	1.0	1.0	2.0
359000	3.0330268072776083	0.7740603674260337	1.0	1.0	2.0
360000	1.017068744812493	0.27911584650148774	1.0	1.0	2.0
361000	1.7911618106329392	0.36688426936849305	1.0	1.0	2.0
362000	1.3202090891890517	0.33989855783040485	1.0	1.0	2.0
363000	0.029807494974200675	0.007100124125212639	1.0	1.0	2.0
364000	1.4569801580155877	0.3806117003258654	1.0	1.0	2.0
365000	0.9026236879901526	0.22164436609992472	1.0	1.0	2.0
366000	1.1056869664479012	0.2678703038465916	1.0	1.0	2.0
367000	1.3033534630095622	0.2664935294245281	1.0	1.0	2.0
368000	0.9496454430589213	0.2339099713394426	1.0	1.0	2.0
369000	1.2610273313799187	0.3413365000909471	1.0	1.0	2.0
370000	1.5852996074067267	0.46090245401098323	1.0	1.0	2.0
371000	3.1052306008504753	0.7251947520402557	1.0	1.0	2.0
372000	0.4269607143913104	0.09555885192404427	1.0	1.0	2.0
373000	0.5043815614003526	0.14743848812287783	1.0	1.0	2.0
374000	0.4667139748725011	0.10153707868326793	1.0	1.0	2.0
375000	1.4326420954019856	0.39795819011664774	1.0	1.0	2.0
376000	0.366997914191648	0.09807587870711719	1.0	1.0	2.0
377000	1.049632194510227	0.29554905905524087	1.0	1.0	2.0
378000	0.4204554295180702	0.1156927376491237	1.0	1.0	2.0
379000	1.0651627134965465	0.30335966225904487	1.0	1.0	2.0
380000	3.8157302989733775	0.909478571249213	1.0	1.0	2.0
381000	0.36939329181784	0.07396457203751605	1.0	1.0	2.0
382000	3.3229189436979167	0.874820568077531	1.0	1.0	2.0
383000	2.1421176506873834	0.5557189191762575	1.0	1.0	2.0
384000	0.8461620484479008	0.19824285565247404	1.0	1.0	2.0
385000	1.2887760391559262	0.3592168487229285	1.0	1.0	2.0
386000	3.854603237646513	1.2451776585485654	1.0	1.0	2.0
387000	3.095812163053901	0.8221211610085772	1.0	1.0	2.0
388000	1.4073340560904457	0.40548184242460555	1.0	1.0	2.0
389000	1.8769361535766238	0.4757427266945277	1.0	1.0	2.0
390000	3.291427215931143	0.7462585391499431	1.0	1.0	2.0
391000	0.4939811043899021	0.13828628031241957	1.0	1.0	2.0
392000	1.2539953265007668	0.355241849989151	1.0	1.0	2.0
393000	1.7332792147958969	0.4882000033045493	1.0	1.0	2.0
394000	0.8175035553072701	0.21102452587762893	1.0	1.0	2.0
395000	1.4428065140710402	0.43252349619090336	1.0	1.0	2.0
396000	1.3495174780415946	0.33259489177368395	1.0	1.0	2.0
397000	2.670604798369563	0.7935088614726404	1.0	1.0	2.0
398000	2.67264337582152	0.5408662200665704	1.0	1.0	2.0
399000	0.9383293675177264	0.264731613791279	1.0	1.0	2.0
400000	1.5135893709023185	0.4181370525284448	1.0	1.0	2.0
401000	1.8459652499136179	0.4992638339783659	1.0	1.0	2.0
402000	0.8119647625979196	0.21525699194119333	1.0	1.0	2.0
403000	0.9398949189931701	0.22144287711387303	1.0	1.0	2.0
404000	1.8702890594699937	0.5484771637086051	1.0	1.0	2.0
405000	0.892980973395902	0.1959170732573168	1.0	1.0	2.0
406000	1.106123347499684	0.2510637131539138	1.0	1.0	2.0
407000	1.6835236409946113	0.4397395168396107	1.0	1.0	2.0
408000	1.3733939577119225	0.28452705641203835	1.0	1.0	2.0
409000	1.4067132559218314	0.4155393230122475	1.0	1.0	2.0
410000	1.3872023174976207	0.38052683221085065	1.0	1.0	2.0
411000	0.8036225292395465	0.22801460204453977	1.0	1.0	2.0
412000	1.2858752340244768	0.29949750990767127	1.0	1.0	2.0
413000	2.7383912241694097	0.5864444797140483	1.0	1.0	2.0
414000	1.4889172718957278	0.4200647973832612	1.0	1.0	2.0
415000	3.6700571297416045	0.9231474155572538	1.0	1.0	2.0
416000	2.228401657903366	0.6857879803441952	1.0	1.0	2.0
417000	0.9481462452609258	0.2482259303919013	1.0	1.0	2.0
418000	1.2814844727756727	0.304079734919486	1.0	1.0	2.0
419000	0.5720443077412048	0.18162788227302554	1.0	1.0	2.0
420000	1.6359799831398347	0.3648455130649847	1.0	1.0	2.0
421000	0.12013682584595008	0.029692559320539238	1.0	1.0	2.0
422000	3.4468715235652874	0.8999422321818494	1.0	1.0	2.0
423000	0.853892987553028	0.21302934159713216	1.0	1.0	2.0
424000	2.5442190687453463	0.6655106431814812	1.0	1.0	2.0
425000	0.06697136699765643	0.01937938533233348	1.0	1.0	2.0
426000	2.272458481873513	0.5483066801743118	1.0	1.0	2.0
427000	0.23627936040876474	0.07085483362052603	1.0	1.0	2.0
428000	0.28275976509997797	0.07290032871561543	1.0	1.0	2.0
429000	1.2758340151857686	0.2546273220745114	1.0	1.0	2.0
430000	2.012225209646289	0.5594945946238375	1.0	1.0	2.0
431000	2.816454531117705	0.7998466141647232	1.0	1.0	2.0
432000	0.08395356683272863	0.018997354542804757	1.0	1.0	2.0
433000	1.5685578430418714	0.428810237437887	1.0	1.0	2.0
434000	1.4718040336168614	0.39833530860991617	1.0	1.0	2.0
435000	2.5348855294965773	0.7193148722965732	1.0	1.0	2.0
436000	0.878540949394673	0.2165168632250903	1.0	1.0	2.0
437000	1.6084968000285647	0.3757095810384971	1.0	1.0	2.0
438000	0.802433731705248	0.18073486349273607	1.0	1.0	2.0
439000	0.11928544843436621	0.02960237581879564	1.0	1.0	2.0
440000	2.557143252988552	0.6916539586651255	1.0	1.0	2.0
441000	0.7457420256074886	0.15693870581040847	1.0	1.0	2.0
442000	3.955511523229484	0.9950401372733252	1.0	1.0	2.0
443000	0.3128100761298676	0.08327762748564493	1.0	1.0	2.0
444000	0.9973501957256486	0.28663830248612515	1.0	1.0	2.0
445000	0.3343650297514088	0.08683110471115153	1.0	1.0	2.0
446000	0.079690886316123	0.015764403304485086	1.0	1.0	2.0
447000	1.7061696251859584	0.4433691148916321	1.0	1.0	2.0
448000	0.7225311873021832	0.20394661352583301	1.0	1.0	2.0
449000	1.8424791000546175	0.48568653350308016	1.0	1.0	2.0
450000	2.567909980042912	0.6024966094532799	1.0	1.0	2.0
451000	0.6255169442889816	0.15726407265793	1.0	1.0	2.0
452000	1.4969422654461255	0.4396833698256135	1.0	1.0	2.0
453000	7.598380848213168	2.10138395321093	1.0	1.0	2.0
454000	1.374775242044724	0.38084293107495165	1.0	1.0	2.0
455000	1.5961760360058506	0.405819644917936	1.0	1.0	2.0
456000	1.6412382860342454	0.40735086281729005	1.0	1.0	2.0
457000	0.9531429489492457	0.19498376295824005	1.0	1.0	2.0
458000	3.3709008769205164	0.7067369195795541	1.0	1.0	2.0
459000	1.2620786889298097	0.29299716770348133	1.0	1.0	2.0
460000	0.45548303870942825	0.1272844185818982	1.0	1.0	2.0
461000	0.5436918791882219	0.13960112003672923	1.0	1.0	2.0
462000	1.5134634009718935	0.41744564729804345	1.0	1.0	2.0
463000	4.3443241438627425	1.2739732068973337	1.0	1.0	2.0
464000	0.9876919042642799	0.24189068102801475	1.0	1.0	2.0
465000	5.12801329515742	1.4090252336058346	1.0	1.0	2.0
466000	0.5986049960135874	0.18624399664324162	1.0	1.0	2.0
467000	0.39480103325676225	0.1452681287070823	1.0	1.0	2.0
468000	1.4943637036575148	0.39822005785280934	1.0	1.0	2.0
469000	0.6026162386584705	0.15392943015182362	1.0	1.0	2.0
470000	2.2809526286027584	0.5430489556211541	1.0	1.0	2.0
471000	0.6596384390340099	0.20829553877803647	1.0	1.0	2.0
472000	0.2651621866442494	0.06087120634942991	1.0	1.0	2.0
473000	2.348935660739553	0.6270762668569977	1.0	1.0	2.0
474000	2.693686028558242	0.5921549699165013	1.0	1.0	2.0
475000	3.5259499037392112	0.9586664839151164	1.0	1.0	2.0
476000	1.0156088146425826	0.30922340498042955	1.0	1.0	2.0
477000	2.8860341436918135	0.7685804227021109	1.0	1.0	2.0
478000	2.5974006091288366	0.6785365038352247	1.0	1.0	2.0
479000	1.4926896971457448	0.4099924603052988	1.0	1.0	2.0
480000	6.068145715573164	2.0232772918171977	1.0	1.0	2.0
481000	2.1943347073734527	0.4422258379683805	1.0	1.0	2.0
482000	1.624144184183953	0.4313863008058283	1.0	1.0	2.0
483000	0.7775408255501824	0.22628507365322728	1.0	1.0	2.0
484000	1.4189028124951162	0.36530890429430873	1.0	1.0	2.0
485000	0.15949276086173161	0.03818121219128179	1.0	1.0	2.0
486000	1.216190309383785	0.36885328280309476	1.0	1.0	2.0
487000	2.080563485822308	0.5509533951907308	1.0	1.0	2.0
488000	0.8754013227429938	0.20838224890638357	1.0	1.0	2.0
489000	0.5917115054529722	0.11905846337475814	1.0	1.0	2.0
490000	0.7399916482607528	0.22339974759259493	1.0	1.0	2.0
491000	0.8853405636202957	0.23093188839846082	1.0	1.0	2.0
492000	2.5117683887809825	0.5937433119542352	1.0	1.0	2.0
493000	1.4920212861286055	0.40316887778339683	1.0	1.0	2.0
494000	4.30015431975509	1.004845605120682	1.0	1.0	2.0
495000	2.2456394561609323	0.6990567108669647	1.0	1.0	2.0
496000	1.3286702808057345	0.36155130321317996	1.0	1.0	2.0
497000	0.7144753859790265	0.18404317420240499	1.0	1.0	2.0
498000	1.3263147958386579	0.3320534526040703	1.0	1.0	2.0
499000	2.3019247622060806	0.5004914977791255	1.0	1.0	2.0
500000	0.6875245533703415	0.20773087753439123	1.0	1.0	2.0
501000	2.4347389543443803	0.6558207340425125	1.0	1.0	2.0
502000	3.749512232924849	0.9356032807968232	1.0	1.0	2.0
503000	2.1137551372771406	0.5977194081738865	1.0	1.0	2.0
504000	2.2779710373004036	0.6704371915700649	1.0	1.0	2.0
505000	4.883506993264446	1.146035169362022	1.0	1.0	2.0
506000	3.236372692732432	1.1370345197973502	1.0	1.0	2.0
507000	1.1820648050058618	0.33633396617928824	1.0	1.0	2.0
508000	1.3904008784692161	0.33049755399973474	1.0	1.0	2.0
509000	0.280985598952662	0.06444873983724173	1.0	1.0	2.0
510000	0.14689158961369905	0.037807603210826095	1.0	1.0	2.0
511000	2.8561211908569835	0.6725629895758887	1.0	1.0	2.0
512000	0.9815835017099788	0.22883418002975153	1.0	1.0	2.0
513000	1.556008064320245	0.40649780353274717	1.0	1.0	2.0
514000	2.057772408944421	0.5439627268908499	1.0	1.0	2.0
515000	2.6021401617631894	0.5640432156997235	1.0	1.0	2.0
516000	1.2668554203762268	0.3829184489417457	1.0	1.0	2.0
517000	3.71149782185326	0.8578995853759729	1.0	1.0	2.0
518000	1.0170673497197216	0.2908843670612902	1.0	1.0	2.0
519000	1.336277579356548	0.289186357113338	1.0	1.0	2.0
520000	2.148804522185475	0.6531104427784015	1.0	1.0	2.0
521000	0.15834245249640644	0.04249599024887244	1.0	1.0	2.0
522000	0.9950323912291946	0.2682396528415899	1.0	1.0	2.0
523000	0.8527866024748986	0.25690362537302314	1.0	1.0	2.0
524000	4.605442525468336	1.0891963716457138	1.0	1.0	2.0
525000	1.4535694179428227	0.3837899958396372	1.0	1.0	2.0
526000	0.6945854705832961	0.1918516728078641	1.0	1.0	2.0
527000	3.305537419508229	0.70802351075193	1.0	1.0	2.0
528000	1.1399318631433952	0.3517063703089456	1.0	1.0	2.0
529000	0.5115716478490033	0.1539623812544329	1.0	1.0	2.0
530000	0.8256134562817343	0.23499786839770323	1.0	1.0	2.0
531000	0.8014796841998371	0.20788547043964897	1.0	1.0	2.0
532000	2.0154909396911935	0.5119979874175862	1.0	1.0	2.0
533000	0.8758985127571582	0.280202796151118	1.0	1.0	2.0
534000	0.42217846777733814	0.11068421800587508	1.0	1.0	2.0
535000	1.778006315662885	0.4246921816955307	1.0	1.0	2.0
536000	1.2042165410162746	0.2948444422221907	1.0	1.0	2.0
537000	2.786985474092871	0.641602108882695	1.0	1.0	2.0
538000	0.5912458712952192	0.1727925313367281	1.0	1.0	2.0
539000	0.32612933031651525	0.0852389859912748	1.0	1.0	2.0
540000	0.8699596412112229	0.22584605894734094	1.0	1.0	2.0
541000	3.3961641983498008	0.7807056579408019	1.0	1.0	2.0
542000	1.8368212468730918	0.5529403630963386	1.0	1.0	2.0
543000	2.4778570575769865	0.7324751388066417	1.0	1.0	2.0
544000	1.2169094725055696	0.36125918987081734	1.0	1.0	2.0
545000	1.9453822575570043	0.37368320969956614	1.0	1.0	2.0
546000	1.1092866182603858	0.3029977212417808	1.0	1.0	2.0
547000	0.4296031326368338	0.10954897802052495	1.0	1.0	2.0
548000	0.7752712387534657	0.20147240714360684	1.0	1.0	2.0
549000	2.0680145049393657	0.47941214588357556	1.0	1.0	2.0
550000	0.8188759754505899	0.14465449412110587	1.0	1.0	2.0
551000	0.7919653991138863	0.22645864899677356	1.0	1.0	2.0
552000	1.2373196389284113	0.3547947193452032	1.0	1.0	2.0
553000	1.5839797223833132	0.35918598450003847	1.0	1.0	2.0
554000	1.3918704328247224	0.3683642390317412	1.0	1.0	2.0
555000	1.3109893679270173	0.3391261417395447	1.0	1.0	2.0
556000	0.6111048433359565	0.18578870421525537	1.0	1.0	2.0
557000	1.6540376819696445	0.3990207976850796	1.0	1.0	2.0
558000	1.5700151787946786	0.4916558466863708	1.0	1.0	2.0
559000	1.1079672511317054	0.3156526522666605	1.0	1.0	2.0
560000	2.2069250173074475	0.4718958013041371	1.0	1.0	2.0
561000	2.5472484491328187	0.5218290493123057	1.0	1.0	2.0
562000	2.6987833604925178	0.7384013897365321	1.0	1.0	2.0
563000	0.23345216490785925	0.06283276204223515	1.0	1.0	2.0
564000	0.6667892698709145	0.19719049044715348	1.0	1.0	2.0
565000	1.8497101054599936	0.4685312450695072	1.0	1.0	2.0
566000	0.2770820251518967	0.07664446514154875	1.0	1.0	2.0
567000	2.905715934206749	0.8929378175790612	1.0	1.0	2.0
568000	1.4479213267794548	0.37813069575825947	1.0	1.0	2.0
569000	5.014848537543554	1.2628900645130388	1.0	1.0	2.0
570000	2.0960649408533913	0.4488020922090049	1.0	1.0	2.0
571000	0.7693704088732266	0.2037283950868924	1.0	1.0	2.0
572000	1.6839108786092292	0.5412048096766452	1.0	1.0	2.0
573000	2.296660732463457	0.4304288291584754	1.0	1.0	2.0
574000	3.307651905759696	0.6575782321821355	1.0	1.0	2.0
575000	3.2963246287680743	0.7902060475394329	1.0	1.0	2.0
576000	0.3481374240979797	0.07732176420321415	1.0	1.0	2.0
577000	1.0092910831792539	0.33694965609015604	1.0	1.0	2.0
578000	1.2365098056153716	0.30829865732968215	1.0	1.0	2.0
579000	0.6840414334451663	0.17898520444163132	1.0	1.0	2.0
580000	1.824899571584813	0.3726520310467774	1.0	1.0	2.0
581000	0.770805689573984	0.19008567131094115	1.0	1.0	2.0
582000	0.6724695630976177	0.1576680617956194	1.0	1.0	2.0
583000	1.405902286106246	0.4017337195488665	1.0	1.0	2.0
584000	0.2094858487706542	0.06407352572744833	1.0	1.0	2.0
585000	2.0118994538138537	0.5649399420190874	1.0	1.0	2.0
586000	2.0669965042907985	0.47998221135233743	1.0	1.0	2.0
587000	1.4564215477464284	0.421006776002085	1.0	1.0	2.0
588000	1.0619330388127493	0.2476044607729024	1.0	1.0	2.0
589000	0.08713663157557212	0.018812949871914814	1.0	1.0	2.0
590000	2.593090687380233	0.6735083635775042	1.0	1.0	2.0
591000	0.6005707095068126	0.15819627174423131	1.0	1.0	2.0
592000	1.0953161738587736	0.266629476721328	1.0	1.0	2.0
593000	0.190321926306998	0.03728888714611704	1.0	1.0	2.0
594000	1.2603333207085008	0.35541471610808056	1.0	1.0	2.0
595000	2.8325346959733695	0.9346076216206844	1.0	1.0	2.0
596000	0.9347135799073667	0.24377277552124738	1.0	1.0	2.0
597000	1.5486225660047888	0.41905738105938106	1.0	1.0	2.0
598000	4.2121698277051545	1.2929718129921843	1.0	1.0	2.0
599000	4.182710555561365	1.0407415853493147	1.0	1.0	2.0
600000	0.6305606483831554	0.2213839800138809	1.0	1.0	2.0
601000	1.3458339066593896	0.3576948550905302	1.0	1.0	2.0
602000	1.929614250906071	0.586046662541506	1.0	1.0	2.0
603000	1.4912460144050947	0.40884529357983557	1.0	1.0	2.0
604000	0.7834853187929433	0.18583112776101973	1.0	1.0	2.0
605000	1.2505882662651968	0.35755412599228	1.0	1.0	2.0
606000	0.19900365807728762	0.04595585297580744	1.0	1.0	2.0
607000	1.2637957609444195	0.30586323981136115	1.0	1.0	2.0
608000	1.9883272411413297	0.41207472645380344	1.0	1.0	2.0
609000	3.4005714960844644	0.8850781249873925	1.0	1.0	2.0
610000	1.450725367991442	0.4412839016727765	1.0	1.0	2.0
611000	0.8872925371985191	0.18109443732938527	1.0	1.0	2.0
612000	1.72746652179195	0.46835847561278704	1.0	1.0	2.0
613000	0.31970637238781024	0.084521277381868	1.0	1.0	2.0
614000	1.1731677318142772	0.2866229515649919	1.0	1.0	2.0
615000	0.7788898022420783	0.2666206439286131	1.0	1.0	2.0
616000	3.8263118630885615	0.9026667504855134	1.0	1.0	2.0
617000	0.5834991584450147	0.1403030348479848	1.0	1.0	2.0
618000	1.9828510796934282	0.4341027192111364	1.0	1.0	2.0
619000	0.5472144695291845	0.14327269604695103	1.0	1.0	2.0
620000	0.9965887268942162	0.2622890842112872	1.0	1.0	2.0
621000	2.0551382182231728	0.5380622746710846	1.0	1.0	2.0
622000	1.5547538506484002	0.4283584982407118	1.0	1.0	2.0
623000	0.7441095329458555	0.16641312773548367	1.0	1.0	2.0
624000	0.8557529478721767	0.1803037854697616	1.0	1.0	2.0
625000	1.4896477736865574	0.46923779323229853	1.0	1.0	2.0
626000	0.4582814262301922	0.13045807104553084	1.0	1.0	2.0
627000	3.3987176140114057	0.9300418649254533	1.0	1.0	2.0
628000	1.3075670196985085	0.3570648017327917	1.0	1.0	2.0
629000	2.0068600243269823	0.4628364884954461	1.0	1.0	2.0
630000	0.9778939110758779	0.262955314816237	1.0	1.0	2.0
631000	2.0835795672249797	0.5114719250965496	1.0	1.0	2.0
632000	1.3801943533073984	0.3764137610117987	1.0	1.0	2.0
633000	0.3754296234728262	0.0836425373859734	1.0	1.0	2.0
634000	0.6598263011369433	0.13030597964451623	1.0	1.0	2.0
635000	2.1376397542998915	0.485338854225654	1.0	1.0	2.0
636000	1.1655900392514151	0.26496456753993897	1.0	1.0	2.0
637000	1.0598741503185745	0.24256805619999677	1.0	1.0	2.0
638000	1.2289482066670123	0.26599978455446627	1.0	1.0	2.0
639000	0.7539753968393197	0.21594120316929294	1.0	1.0	2.0
640000	3.2199489909521093	0.8337250811538899	1.0	1.0	2.0
641000	3.2086802633053915	0.7336077902758829	1.0	1.0	2.0
642000	1.78507300197449	0.5428207625524892	1.0	1.0	2.0
643000	0.2376655947619182	0.06671794587022865	1.0	1.0	2.0
644000	4.390182992651468	0.9950306185922346	1.0	1.0	2.0
645000	1.8321608693355194	0.5590940188295085	1.0	1.0	2.0
646000	1.8893990772512783	0.4978052635501646	1.0	1.0	2.0
647000	1.5728411142779786	0.4470339408053304	1.0	1.0	2.0
648000	1.1498768582070493	0.237453715231477	1.0	1.0	2.0
649000	3.867826731887287	0.894529545267033	1.0	1.0	2.0
650000	1.1578629026082334	0.27902589952882884	1.0	1.0	2.0
651000	3.207267978358619	0.9279779801254198	1.0	1.0	2.0
652000	2.3942807489443823	0.4639590569589105	1.0	1.0	2.0
653000	1.5570116706931993	0.3886268522295268	1.0	1.0	2.0
654000	1.5400817261010138	0.3918884995424045	1.0	1.0	2.0
655000	0.3783052010132607	0.11543269911114157	1.0	1.0	2.0
656000	3.701782187738265	0.9821571044427235	1.0	1.0	2.0
657000	2.098008047667254	0.5514019228499221	1.0	1.0	2.0
658000	0.7380236846720464	0.18606476267370686	1.0	1.0	2.0
659000	1.5619328680480524	0.4301442227506657	1.0	1.0	2.0
660000	0.16228383461157472	0.041236760668858174	1.0	1.0	2.0
661000	1.5813771415803697	0.41021077778361753	1.0	1.0	2.0
662000	0.8470331206953317	0.21294717244511652	1.0	1.0	2.0
663000	3.737085765377046	1.098415124994408	1.0	1.0	2.0
664000	1.083102927781576	0.24832540916005638	1.0	1.0	2.0
665000	0.3374118829959958	0.09440875284609906	1.0	1.0	2.0
666000	2.244538240745728	0.6398066790107	1.0	1.0	2.0
667000	1.2255519331679918	0.31916390970105607	1.0	1.0	2.0
668000	0.4731393589737441	0.17438614155444898	1.0	1.0	2.0
669000	0.5827466276883166	0.1524566991686164	1.0	1.0	2.0
670000	0.9338612831125671	0.19239360724073618	1.0	1.0	2.0
671000	2.447759262623027	0.6825144288198176	1.0	1.0	2.0
672000	1.2870592354521622	0.22422814951686695	1.0	1.0	2.0
673000	0.18681534878728379	0.042539635509631066	1.0	1.0	2.0
674000	0.47488214128894923	0.09239058377480158	1.0	1.0	2.0
675000	3.4710892140595937	0.9084645878411083	1.0	1.0	2.0
676000	0.6723963566202571	0.15185810069037142	1.0	1.0	2.0
677000	1.0004864802534041	0.3030443618512354	1.0	1.0	2.0
678000	1.212682924637499	0.3739157786177235	1.0	1.0	2.0
679000	0.2928783250783132	0.09098144944010766	1.0	1.0	2.0
680000	1.2968121026271788	0.3398377419581093	1.0	1.0	2.0
681000	1.2320555494297412	0.307055495269687	1.0	1.0	2.0
682000	3.2118679592598984	0.8587099810095017	1.0	1.0	2.0
683000	1.5773636303139107	0.44030230440486473	1.0	1.0	2.0
684000	0.47205811866641756	0.12909839779411816	1.0	1.0	2.0
685000	1.7227739325096156	0.49369147558775267	1.0	1.0	2.0
686000	0.7536771052823805	0.17729395384811245	1.0	1.0	2.0
687000	0.0992446644001171	0.020814565099603916	1.0	1.0	2.0
688000	0.3641275823629409	0.09048802857780523	1.0	1.0	2.0
689000	0.11679058965221548	0.03342405509642207	1.0	1.0	2.0
690000	1.8851288995278663	0.4312739068117426	1.0	1.0	2.0
691000	2.270526266345173	0.6234852191689929	1.0	1.0	2.0
692000	5.0754307849456834	1.2413368887727232	1.0	1.0	2.0
693000	0.6289739548169851	0.1361641558638414	1.0	1.0	2.0
694000	1.0629575064930332	0.27648782224311413	1.0	1.0	2.0
695000	3.424863041268818	0.7457543488629148	1.0	1.0	2.0
696000	2.0254863315105167	0.6373941958343861	1.0	1.0	2.0
697000	0.9974375291332735	0.21344598854731606	1.0	1.0	2.0
698000	0.24374053668847315	0.07212590311730391	1.0	1.0	2.0
699000	1.6746240261344079	0.5538298919214635	1.0	1.0	2.0
700000	2.0455374511692574	0.5096649178697347	1.0	1.0	2.0
701000	0.6267144820514765	0.17046152543882198	1.0	1.0	2.0
702000	2.675654075253175	0.6547311605297936	1.0	1.0	2.0
703000	0.9597486978256369	0.28365674231425797	1.0	1.0	2.0
704000	0.28118108031878986	0.08064830936165102	1.0	1.0	2.0
705000	0.7895222996897153	0.19128762790306794	1.0	1.0	2.0
706000	1.6845007839430999	0.38451335235757145	1.0	1.0	2.0
707000	3.140449394790675	0.9081314908628534	1.0	1.0	2.0
708000	2.194503218210466	0.5227616608305702	1.0	1.0	2.0
709000	1.4179820069225146	0.3975404166335145	1.0	1.0	2.0
710000	0.9194949946730712	0.25445477948636347	1.0	1.0	2.0
711000	1.863658644018613	0.49412120012446686	1.0	1.0	2.0
712000	2.8119774637312136	0.6776956574023822	1.0	1.0	2.0
713000	1.544330258102512	0.29037660588603403	1.0	1.0	2.0
714000	0.33891168771393243	0.07129671227867669	1.0	1.0	2.0
715000	2.382036396153348	0.6570867383634202	1.0	1.0	2.0
716000	1.6862545421204025	0.5660130967335373	1.0	1.0	2.0
717000	1.981122229060926	0.6029249907211921	1.0	1.0	2.0
718000	1.0284607248106954	0.22410256902136894	1.0	1.0	2.0
719000	2.0227359321618543	0.45685845480942444	1.0	1.0	2.0
720000	1.2535277116282943	0.34758280330977936	1.0	1.0	2.0
721000	1.8312497409928734	0.5533466991702367	1.0	1.0	2.0
722000	1.5210469344952586	0.46123372189682327	1.0	1.0	2.0
723000	2.243780973574203	0.48973975704486167	1.0	1.0	2.0
724000	2.905255637020077	0.7994269823761818	1.0	1.0	2.0
725000	1.170185471909032	0.34733464636059824	1.0	1.0	2.0
726000	1.580803337459956	0.4271239758434207	1.0	1.0	2.0
727000	2.386415207803294	0.5606723945429614	1.0	1.0	2.0
728000	1.6323409786320162	0.4331960921884318	1.0	1.0	2.0
729000	4.171817594413317	1.167123992103979	1.0	1.0	2.0
730000	1.7583882170687133	0.5063948455677603	1.0	1.0	2.0
731000	3.4230438029103833	0.8850066261588402	1.0	1.0	2.0
732000	2.256229340187851	0.5301295896143617	1.0	1.0	2.0
733000	0.6578944949927352	0.19299320538930986	1.0	1.0	2.0
734000	3.223904097282084	0.9063475734226023	1.0	1.0	2.0
735000	0.709181428012656	0.18099100941577903	1.0	1.0	2.0
736000	1.8774978575000858	0.5807290339043508	1.0	1.0	2.0
737000	0.3735901968809669	0.08813870800096518	1.0	1.0	2.0
738000	2.1569597989694667	0.5884449185144627	1.0	1.0	2.0
739000	0.8403626942012529	0.2250907280392988	1.0	1.0	2.0
740000	2.4424874424282934	0.652448893646008	1.0	1.0	2.0
741000	1.9680622643468313	0.3983516164568767	1.0	1.0	2.0
742000	3.937710056316953	0.8772554250464571	1.0	1.0	2.0
743000	3.2532233871557503	0.8628312566247985	1.0	1.0	2.0
744000	2.1841253688834232	0.5134950015958227	1.0	1.0	2.0
745000	3.379004874627971	0.8917227244665107	1.0	1.0	2.0
746000	4.912283736719725	1.162641757375102	1.0	1.0	2.0
747000	0.6075846916140714	0.12442239448716473	1.0	1.0	2.0
748000	1.6827137492626019	0.413195533490433	1.0	1.0	2.0
749000	0.8062017443764795	0.17131619033800996	1.0	1.0	2.0
750000	0.6375902522665146	0.18490701650230423	1.0	1.0	2.0
751000	2.1849492049949433	0.5261582752480984	1.0	1.0	2.0
752000	1.6253867940832967	0.42049871396819427	1.0	1.0	2.0
753000	1.3116598578951275	0.3599046584092475	1.0	1.0	2.0
754000	2.2624213355472698	0.7231308932688251	1.0	1.0	2.0
755000	2.096638605137735	0.5386404104680083	1.0	1.0	2.0
756000	3.2846274341907806	1.0204235590187538	1.0	1.0	2.0
757000	1.4597554243278912	0.3716320893363614	1.0	1.0	2.0
758000	0.8899842398491682	0.2519929690679256	1.0	1.0	2.0
759000	2.088268052080066	0.45855164150200844	1.0	1.0	2.0
760000	2.0800203599226763	0.5092118152313592	1.0	1.0	2.0
761000	3.2217523826844623	0.7932110139470565	1.0	1.0	2.0
762000	1.7956619829565834	0.4530644520903359	1.0	1.0	2.0
763000	2.000181475805532	0.49161773874211573	1.0	1.0	2.0
764000	2.2515973099736666	0.6383042775714415	1.0	1.0	2.0
765000	2.7091612799932636	0.5537311196763796	1.0	1.0	2.0
766000	2.2081571423384716	0.485755137101541	1.0	1.0	2.0
767000	1.391136523729924	0.386254089600254	1.0	1.0	2.0
768000	0.7189725621225475	0.20676696498818709	1.0	1.0	2.0
769000	0.7468967077230633	0.21045011136550862	1.0	1.0	2.0
770000	2.4528137584299095	0.7247057620824399	1.0	1.0	2.0
771000	0.8804442388380206	0.2432782612259391	1.0	1.0	2.0
772000	1.2980024225384899	0.3406703398833843	1.0	1.0	2.0
773000	1.4296928747606448	0.37708197548818695	1.0	1.0	2.0
774000	1.089760353125398	0.24260938097252652	1.0	1.0	2.0
775000	0.1885404519990086	0.04636934027144855	1.0	1.0	2.0
776000	1.2829822318734891	0.352884398972079	1.0	1.0	2.0
777000	4.427686305439838	1.0182187346465834	1.0	1.0	2.0
778000	1.0920174270630738	0.2646529166484362	1.0	1.0	2.0
779000	2.100921145912352	0.6182515308744094	1.0	1.0	2.0
780000	1.7604224200358936	0.42057116193149524	1.0	1.0	2.0
781000	0.18570336302235121	0.04789100687232843	1.0	1.0	2.0
782000	1.407283503036357	0.30650257417880095	1.0	1.0	2.0
783000	2.0654773385837397	0.635949499272938	1.0	1.0	2.0
784000	1.1008055308894173	0.23426451891578493	1.0	1.0	2.0
785000	1.4237178743231123	0.2972112574042897	1.0	1.0	2.0
786000	1.4825537525400452	0.29261411192222336	1.0	1.0	2.0
787000	0.7408592202425254	0.17820904408033786	1.0	1.0	2.0
788000	1.3814537826629723	0.446195534392166	1.0	1.0	2.0
789000	1.8657824870900015	0.49310045436734196	1.0	1.0	2.0
790000	1.75474630884916	0.5033242883531246	1.0	1.0	2.0
791000	0.5384747158564166	0.1284594408697466	1.0	1.0	2.0
792000	0.7939816342932655	0.18838586144663352	1.0	1.0	2.0
793000	2.760289930168269	0.6640303615018777	1.0	1.0	2.0
794000	3.9214481476905063	1.0406715847686536	1.0	1.0	2.0
795000	2.0353139114983647	0.6139920356308721	1.0	1.0	2.0
796000	1.390871339759751	0.34912574966051324	1.0	1.0	2.0
797000	2.1495540497459418	0.6245779482339722	1.0	1.0	2.0
798000	0.5729786832042888	0.11691144805726898	1.0	1.0	2.0
799000	1.453167727942637	0.5334737072252573	1.0	1.0	2.0
800000	1.2815134388253615	0.38247225485415565	1.0	1.0	2.0
801000	0.6409237530686938	0.1542743450726823	1.0	1.0	2.0
802000	0.3692103368516979	0.10309288923199003	1.0	1.0	2.0
803000	0.5220135173658	0.19204469192299276	1.0	1.0	2.0
804000	0.8678937056049568	0.2619196793013427	1.0	1.0	2.0
805000	6.154326623335204	1.5425964824499236	1.0	1.0	2.0
806000	2.201811350463814	0.4373043998145665	1.0	1.0	2.0
807000	0.37152543720134146	0.09928001156974299	1.0	1.0	2.0
808000	1.6097839004062353	0.4206505097616495	1.0	1.0	2.0
809000	0.6881215680861439	0.18574836616403115	1.0	1.0	2.0
810000	2.532131727235961	0.8038513252514988	1.0	1.0	2.0
811000	1.8082175462729848	0.44723706618973064	1.0	1.0	2.0
812000	2.627332614473879	0.595640812541082	1.0	1.0	2.0
813000	3.258650423009147	0.8146345330435205	1.0	1.0	2.0
814000	5.7660983085825475	1.4767385199017478	1.0	1.0	2.0
815000	1.7004257014699224	0.421333680409551	1.0	1.0	2.0
816000	1.6709553711816925	0.3598388116138097	1.0	1.0	2.0
817000	2.4413722669392954	0.5166855791200318	1.0	1.0	2.0
818000	1.6559365214786514	0.3601977111454977	1.0	1.0	2.0
819000	0.6663956487715105	0.12816256720367156	1.0	1.0	2.0
820000	2.4046912321105176	0.5979029599300673	1.0	1.0	2.0
821000	0.5522879340598259	0.14810731183510423	1.0	1.0	2.0
822000	3.0350197213428007	0.794543590188963	1.0	1.0	2.0
823000	0.826944647928518	0.21083802258903506	1.0	1.0	2.0
824000	1.4241616261429777	0.3314005975497552	1.0	1.0	2.0
825000	1.2525516389962037	0.3698508579854243	1.0	1.0	2.0
826000	1.7116950723182796	0.4524091925152242	1.0	1.0	2.0
827000	2.568392185058244	0.7188244272093913	1.0	1.0	2.0
828000	0.5767626426607692	0.1807097185677238	1.0	1.0	2.0
829000	0.6686249126063717	0.19708282791482568	1.0	1.0	2.0
830000	2.3080029908333346	0.5909435426364987	1.0	1.0	2.0
831000	2.985089718249833	0.8404779596345744	1.0	1.0	2.0
832000	3.362617402339277	0.9555518535929626	1.0	1.0	2.0
833000	2.181167658781665	0.5571813695648331	1.0	1.0	2.0
834000	1.7158158400322927	0.3666013997312442	1.0	1.0	2.0
835000	0.808130484645325	0.22719015886320582	1.0	1.0	2.0
836000	0.7417975420856007	0.14364076125900352	1.0	1.0	2.0
837000	0.6497469717014798	0.18392668358651193	1.0	1.0	2.0
838000	0.558741156251223	0.11799071359836852	1.0	1.0	2.0
839000	1.7631607856890876	0.5254169012910823	1.0	1.0	2.0
840000	4.329567871758515	1.12129612760848	1.0	1.0	2.0
841000	1.7450476269385502	0.44245153188628344	1.0	1.0	2.0
842000	1.0995235542987425	0.28662584698318466	1.0	1.0	2.0
843000	1.4491334214815699	0.3950039123890799	1.0	1.0	2.0
844000	1.017921880345492	0.20575531158469815	1.0	1.0	2.0
845000	2.3928853291196126	0.6172412319556823	1.0	1.0	2.0
846000	2.17648967137398	0.664414454660005	1.0	1.0	2.0
847000	0.6986428889954912	0.20179354059253346	1.0	1.0	2.0
848000	0.9311615435532306	0.22259317332635903	1.0	1.0	2.0
849000	4.127422913101985	1.191479581262407	1.0	1.0	2.0
850000	6.067489372817075	1.4185613622125415	1.0	1.0	2.0
851000	1.0142426276851415	0.2571727277322761	1.0	1.0	2.0
852000	1.0693556271442712	0.23486510237200897	1.0	1.0	2.0
853000	2.151001129044329	0.611406271900758	1.0	1.0	2.0
854000	2.1598552234894424	0.5531529918942331	1.0	1.0	2.0
855000	1.2901671220328148	0.33785520474479136	1.0	1.0	2.0
856000	0.5401319558449672	0.12367292537645715	1.0	1.0	2.0
857000	0.2406234637761925	0.06748791223485463	1.0	1.0	2.0
858000	0.27382096594390376	0.07495666958316928	1.0	1.0	2.0
859000	0.9431078401067544	0.21312239655847662	1.0	1.0	2.0
860000	2.9036119024909546	0.7919595746982196	1.0	1.0	2.0
861000	1.243184364997321	0.33819127041987523	1.0	1.0	2.0
862000	1.2950325872718427	0.31300182019316186	1.0	1.0	2.0
863000	1.5011202119103588	0.4084930372538018	1.0	1.0	2.0
864000	0.9715354576326436	0.27413419522722005	1.0	1.0	2.0
865000	3.606617441643673	1.0666930420936294	1.0	1.0	2.0
866000	3.196987182629712	0.7651179776198894	1.0	1.0	2.0
867000	1.8402366211962662	0.5448997562539462	1.0	1.0	2.0
868000	2.359286477857328	0.6115077654624183	1.0	1.0	2.0
869000	2.486602614391139	0.7442017338689999	1.0	1.0	2.0
870000	1.0307740622189059	0.26421151112673846	1.0	1.0	2.0
871000	1.7785343852647832	0.4947872942970238	1.0	1.0	2.0
872000	3.3416775061974007	0.8468053501979496	1.0	1.0	2.0
873000	0.37859111257406547	0.09140303228104629	1.0	1.0	2.0
874000	0.32521344394644597	0.06620956485573408	1.0	1.0	2.0
875000	2.226302218360399	0.6086428812185612	1.0	1.0	2.0
876000	0.5099634790823999	0.13179565460169373	1.0	1.0	2.0
877000	1.0716008102097159	0.2863646316416786	1.0	1.0	2.0
878000	2.426540259660721	0.6903286791055117	1.0	1.0	2.0
879000	0.4505988726992043	0.12387435826147171	1.0	1.0	2.0
880000	1.1015376014877427	0.28971076926985034	1.0	1.0	2.0
881000	2.384747872680216	0.6526033519437289	1.0	1.0	2.0
882000	2.272115422487888	0.6052041990270522	1.0	1.0	2.0
883000	0.9268249791794074	0.24663523829439502	1.0	1.0	2.0
884000	0.328595884373932	0.07319422470801244	1.0	1.0	2.0
885000	1.2314736544485978	0.3361565477410046	1.0	1.0	2.0
886000	1.0470675055407996	0.27559200601833733	1.0	1.0	2.0
887000	1.7721976368172618	0.42537172756733443	1.0	1.0	2.0
888000	1.2777600393538657	0.3676232558933204	1.0	1.0	2.0
889000	2.765854108197387	0.7891180604339515	1.0	1.0	2.0
890000	1.7670048071747027	0.5642939252817977	1.0	1.0	2.0
891000	1.0714198659523162	0.294884481656937	1.0	1.0	2.0
892000	1.219036125234607	0.338227321311624	1.0	1.0	2.0
893000	4.835149098896685	1.4846755875174746	1.0	1.0	2.0
894000	0.8990346440614564	0.2641256326147567	1.0	1.0	2.0
895000	1.542404460224286	0.3905506390494001	1.0	1.0	2.0
896000	2.230087611864044	0.5513985198235014	1.0	1.0	2.0
897000	2.798508251733769	0.7243198366714354	1.0	1.0	2.0
898000	0.4906052252529725	0.12667439364586458	1.0	1.0	2.0
899000	0.5410646379012427	0.11998164956739446	1.0	1.0	2.0
900000	0.8229826191904648	0.2233575294090568	1.0	1.0	2.0
901000	0.9514287295346217	0.28609080486216854	1.0	1.0	2.0
902000	2.926086477795885	0.6285077826799303	1.0	1.0	2.0
903000	2.324287659673801	0.6204327438084405	1.0	1.0	2.0
904000	3.585274314941875	1.0443333140975528	1.0	1.0	2.0
905000	2.150370583584834	0.5258645460170538	1.0	1.0	2.0
906000	1.9665112570700605	0.5320600881868994	1.0	1.0	2.0
907000	4.595713515778325	1.2511702176968615	1.0	1.0	2.0
908000	1.3139115558863683	0.30459639870889055	1.0	1.0	2.0
909000	1.454869596165309	0.3947707057933842	1.0	1.0	2.0
910000	0.30077602835052386	0.09376453117627878	1.0	1.0	2.0
911000	1.2185166291751215	0.27356503662177845	1.0	1.0	2.0
912000	0.6569449493580468	0.17907951698570437	1.0	1.0	2.0
913000	0.8204292620295082	0.2614198669311628	1.0	1.0	2.0
914000	0.1564550254981876	0.04721305706481603	1.0	1.0	2.0
915000	0.7882025030357718	0.16916274320896504	1.0	1.0	2.0
916000	1.9378790395809826	0.585118019863986	1.0	1.0	2.0
917000	1.3104288271093454	0.31630276816981284	1.0	1.0	2.0
918000	2.3033447355930634	0.5461142497647004	1.0	1.0	2.0
919000	0.8423497968202867	0.2164025114152904	1.0	1.0	2.0
920000	1.216774921908992	0.3149287469807947	1.0	1.0	2.0
921000	2.743823618376821	0.6569773196104725	1.0	1.0	2.0
922000	1.4217785474849314	0.3934658824479383	1.0	1.0	2.0
923000	1.5063140460099411	0.3735982580503329	1.0	1.0	2.0
924000	1.6386036161834117	0.37635033361372516	1.0	1.0	2.0
925000	1.8257903381374612	0.5789409330098906	1.0	1.0	2.0
926000	1.3788409924559377	0.29672133801566725	1.0	1.0	2.0
927000	2.0041928882899507	0.46015698359193624	1.0	1.0	2.0
928000	1.0930554564830846	0.2352043364185234	1.0	1.0	2.0
929000	1.6070838712771554	0.4344632912758847	1.0	1.0	2.0
930000	1.0633522608966341	0.28335821604113903	1.0	1.0	2.0
931000	3.6623120023769125	1.0246768372458637	1.0	1.0	2.0
932000	2.4784335362354177	0.7533433889570157	1.0	1.0	2.0
933000	2.2047015693100116	0.5500960440266325	1.0	1.0	2.0
934000	0.553215448499371	0.1416815280505378	1.0	1.0	2.0
935000	2.0679907768158303	0.6309134134304377	1.0	1.0	2.0
936000	2.0599488335583773	0.5116174856314941	1.0	1.0	2.0
937000	3.363260233431935	0.8768028949587684	1.0	1.0	2.0
938000	0.34798594167903224	0.07922776938776771	1.0	1.0	2.0
939000	1.4305036163736287	0.3501422741116368	1.0	1.0	2.0
940000	2.2149986093448795	0.5342656279202855	1.0	1.0	2.0
941000	1.4761633862013142	0.3070533226979479	1.0	1.0	2.0
942000	0.49284768098772064	0.13362691199568053	1.0	1.0	2.0
943000	1.9920936581589377	0.5571482708779025	1.0	1.0	2.0
944000	1.922506894244532	0.5191794487504415	1.0	1.0	2.0
945000	0.4931672997994663	0.1412168786251586	1.0	1.0	2.0
946000	1.7487164706747635	0.4583208692142724	1.0	1.0	2.0
947000	3.996140099647053	1.0674474083124768	1.0	1.0	2.0
948000	0.34531448162532724	0.08134012527638568	1.0	1.0	2.0
949000	0.4325691853804895	0.122919805795638	1.0	1.0	2.0
950000	1.0753664404653558	0.3562176899833475	1.0	1.0	2.0
951000	0.2310601056980545	0.05692915509972185	1.0	1.0	2.0
952000	2.319680945580327	0.5087446323766356	1.0	1.0	2.0
953000	1.7634176875089582	0.36688220662308185	1.0	1.0	2.0
954000	1.2956366097178396	0.3503898530897972	1.0	1.0	2.0
955000	1.168594461396253	0.3196792215325628	1.0	1.0	2.0
956000	2.5174619316438265	0.7061631606276151	1.0	1.0	2.0
957000	0.9007740029534904	0.27045305315196294	1.0	1.0	2.0
958000	1.5684946361818277	0.48532169474552556	1.0	1.0	2.0
959000	1.2481760663875565	0.3167187528973249	1.0	1.0	2.0
960000	0.8522457546571981	0.24352330076302617	1.0	1.0	2.0
961000	1.9961680118696294	0.5248897102228255	1.0	1.0	2.0
962000	1.9793488513880153	0.46601829389464844	1.0	1.0	2.0
963000	0.3303544072750312	0.10634149184016715	1.0	1.0	2.0
964000	1.8920254806930388	0.5088628428483107	1.0	1.0	2.0
965000	0.593496152952143	0.17136371390902883	1.0	1.0	2.0
966000	2.087073044343746	0.588581575024199	1.0	1.0	2.0
967000	0.8275139155355271	0.2029652129085779	1.0	1.0	2.0
968000	3.1036599437667953	0.7930088435132183	1.0	1.0	2.0
969000	1.493416220910948	0.36599238832889625	1.0	1.0	2.0
970000	2.050252623717876	0.46471853311606953	1.0	1.0	2.0
971000	2.0809435708006427	0.6200019359640475	1.0	1.0	2.0
972000	4.325724787963492	1.0846206567156729	1.0	1.0	2.0
973000	0.32741202602214625	0.08015134357811948	1.0	1.0	2.0
974000	1.5343654446680308	0.3515882091707728	1.0	1.0	2.0
975000	1.1519126157976283	0.2721198594465721	1.0	1.0	2.0
976000	0.9984051193961099	0.26430635209473385	1.0	1.0	2.0
977000	1.258561806010376	0.34463670987987727	1.0	1.0	2.0
978000	1.3026709170210065	0.4173209178193829	1.0	1.0	2.0
979000	0.8220651911373458	0.21821467661672578	1.0	1.0	2.0
980000	2.017636778027165	0.5824709908049511	1.0	1.0	2.0
981000	5.048203453974036	1.065551603927708	1.0	1.0	2.0
982000	1.735369964767456	0.49998083718059205	1.0	1.0	2.0
983000	0.37383548716119486	0.09536095384284775	1.0	1.0	2.0
984000	0.8415010413988028	0.220608609283609	1.0	1.0	2.0
985000	0.3346307358283535	0.08385224409733416	1.0	1.0	2.0
986000	1.8296279839886582	0.5539385793406238	1.0	1.0	2.0
987000	2.684041455061058	0.7557337373116557	1.0	1.0	2.0
988000	1.0202632945982282	0.221925479719508	1.0	1.0	2.0
989000	0.5321941492243002	0.13967261373672327	1.0	1.0	2.0
990000	0.5791428009599219	0.14842060251567482	1.0	1.0	2.0
991000	1.2497397072135334	0.28731951447461923	1.0	1.0	2.0
992000	2.6208958615324267	0.6525313032722116	1.0	1.0	2.0
993000	1.5739728356826472	0.4214145417443147	1.0	1.0	2.0
994000	3.9091201118610277	0.9922040946948227	1.0	1.0	2.0
995000	1.0664789842031968	0.269494213231073	1.0	1.0	2.0
996000	1.6046203349712334	0.4726929493251458	1.0	1.0	2.0
997000	0.8223179454362457	0.22580323649975076	1.0	1.0	2.0
998000	1.917706098828577	0.44038896215187695	1.0	1.0	2.0
999000	1.2764823442751374	0.4085133318218286	1.0	1.0	2.0
1000000	1.998136287938315	0.599694430502661	1.0	1.0	2.0
